# JRE version: Java(TM) SE Runtime Environment (8.0-b132) (build 1.8.0-b132)
# Java VM: Java HotSpot(TM) 64-Bit Server VM (25.0-b70 mixed mode bsd-amd64 compressed oops)
Heap:
 PSYoungGen      total 211456K, used 92755K [0x00000007b0000000, 0x00000007c0000000, 0x00000007c0000000)
  eden space 181248K, 37% used [0x00000007b0000000,0x00000007b42cef38,0x00000007bb100000)
  from space 30208K, 80% used [0x00000007be280000,0x00000007bfa45cc8,0x00000007c0000000)
  to   space 40448K, 0% used [0x00000007bb100000,0x00000007bb100000,0x00000007bd880000)
 ParOldGen       total 89600K, used 75553K [0x0000000790000000, 0x0000000795780000, 0x00000007b0000000)
  object space 89600K, 84% used [0x0000000790000000,0x00000007949c8440,0x0000000795780000)
 Metaspace       used 59147K, capacity 60912K, committed 61144K, reserved 1103872K
  class space    used 6759K, capacity 7298K, committed 7384K, reserved 1048576K
GC Heap History (10 events):
Event: 6.614 GC heap before
{Heap before GC invocations=62 (full 5):
 PSYoungGen      total 231936K, used 210733K [0x00000007b0000000, 0x00000007bfe80000, 0x00000007c0000000)
  eden space 202752K, 100% used [0x00000007b0000000,0x00000007bc600000,0x00000007bc600000)
  from space 29184K, 27% used [0x00000007be200000,0x00000007be9cb518,0x00000007bfe80000)
  to   space 28672K, 0% used [0x00000007bc600000,0x00000007bc600000,0x00000007be200000)
 ParOldGen       total 75776K, used 64354K [0x0000000790000000, 0x0000000794a00000, 0x00000007b0000000)
  object space 75776K, 84% used [0x0000000790000000,0x0000000793ed8a58,0x0000000794a00000)
 Metaspace       used 54477K, capacity 56066K, committed 56408K, reserved 1099776K
  class space    used 6152K, capacity 6642K, committed 6744K, reserved 1048576K
Event: 6.621 GC heap after
Heap after GC invocations=62 (full 5):
 PSYoungGen      total 231424K, used 13665K [0x00000007b0000000, 0x00000007bfd80000, 0x00000007c0000000)
  eden space 202752K, 0% used [0x00000007b0000000,0x00000007b0000000,0x00000007bc600000)
  from space 28672K, 47% used [0x00000007bc600000,0x00000007bd3585f8,0x00000007be200000)
  to   space 27648K, 0% used [0x00000007be280000,0x00000007be280000,0x00000007bfd80000)
 ParOldGen       total 75776K, used 64362K [0x0000000790000000, 0x0000000794a00000, 0x00000007b0000000)
  object space 75776K, 84% used [0x0000000790000000,0x0000000793edaa58,0x0000000794a00000)
 Metaspace       used 54477K, capacity 56066K, committed 56408K, reserved 1099776K
  class space    used 6152K, capacity 6642K, committed 6744K, reserved 1048576K
}
Event: 7.030 GC heap before
{Heap before GC invocations=63 (full 5):
 PSYoungGen      total 231424K, used 216417K [0x00000007b0000000, 0x00000007bfd80000, 0x00000007c0000000)
  eden space 202752K, 100% used [0x00000007b0000000,0x00000007bc600000,0x00000007bc600000)
  from space 28672K, 47% used [0x00000007bc600000,0x00000007bd3585f8,0x00000007be200000)
  to   space 27648K, 0% used [0x00000007be280000,0x00000007be280000,0x00000007bfd80000)
 ParOldGen       total 75776K, used 64362K [0x0000000790000000, 0x0000000794a00000, 0x00000007b0000000)
  object space 75776K, 84% used [0x0000000790000000,0x0000000793edaa58,0x0000000794a00000)
 Metaspace       used 55842K, capacity 57402K, committed 57688K, reserved 1099776K
  class space    used 6259K, capacity 6743K, committed 6744K, reserved 1048576K
Event: 7.042 GC heap after
Heap after GC invocations=63 (full 5):
 PSYoungGen      total 229888K, used 22779K [0x00000007b0000000, 0x00000007c0000000, 0x00000007c0000000)
  eden space 202240K, 0% used [0x00000007b0000000,0x00000007b0000000,0x00000007bc580000)
  from space 27648K, 82% used [0x00000007be280000,0x00000007bf8bedf0,0x00000007bfd80000)
  to   space 29696K, 0% used [0x00000007bc580000,0x00000007bc580000,0x00000007be280000)
 ParOldGen       total 75776K, used 64370K [0x0000000790000000, 0x0000000794a00000, 0x00000007b0000000)
  object space 75776K, 84% used [0x0000000790000000,0x0000000793edca58,0x0000000794a00000)
 Metaspace       used 55842K, capacity 57402K, committed 57688K, reserved 1099776K
  class space    used 6259K, capacity 6743K, committed 6744K, reserved 1048576K
}
Event: 7.307 GC heap before
{Heap before GC invocations=64 (full 5):
 PSYoungGen      total 229888K, used 222405K [0x00000007b0000000, 0x00000007c0000000, 0x00000007c0000000)
  eden space 202240K, 98% used [0x00000007b0000000,0x00000007bc2f2618,0x00000007bc580000)
  from space 27648K, 82% used [0x00000007be280000,0x00000007bf8bedf0,0x00000007bfd80000)
  to   space 29696K, 0% used [0x00000007bc580000,0x00000007bc580000,0x00000007be280000)
 ParOldGen       total 75776K, used 64370K [0x0000000790000000, 0x0000000794a00000, 0x00000007b0000000)
  object space 75776K, 84% used [0x0000000790000000,0x0000000793edca58,0x0000000794a00000)
 Metaspace       used 57507K, capacity 59072K, committed 59480K, reserved 1101824K
  class space    used 6507K, capacity 7000K, committed 7000K, reserved 1048576K
Event: 7.320 GC heap after
Heap after GC invocations=64 (full 5):
 PSYoungGen      total 231936K, used 29677K [0x00000007b0000000, 0x00000007c0000000, 0x00000007c0000000)
  eden space 202240K, 0% used [0x00000007b0000000,0x00000007b0000000,0x00000007bc580000)
  from space 29696K, 99% used [0x00000007bc580000,0x00000007be27b610,0x00000007be280000)
  to   space 30208K, 0% used [0x00000007be280000,0x00000007be280000,0x00000007c0000000)
 ParOldGen       total 75776K, used 64386K [0x0000000790000000, 0x0000000794a00000, 0x00000007b0000000)
  object space 75776K, 84% used [0x0000000790000000,0x0000000793ee0a58,0x0000000794a00000)
 Metaspace       used 57507K, capacity 59072K, committed 59480K, reserved 1101824K
  class space    used 6507K, capacity 7000K, committed 7000K, reserved 1048576K
}
Event: 7.676 GC heap before
{Heap before GC invocations=65 (full 5):
 PSYoungGen      total 231936K, used 231345K [0x00000007b0000000, 0x00000007c0000000, 0x00000007c0000000)
  eden space 202240K, 99% used [0x00000007b0000000,0x00000007bc4f0ff0,0x00000007bc580000)
  from space 29696K, 99% used [0x00000007bc580000,0x00000007be27b610,0x00000007be280000)
  to   space 30208K, 0% used [0x00000007be280000,0x00000007be280000,0x00000007c0000000)
 ParOldGen       total 75776K, used 64386K [0x0000000790000000, 0x0000000794a00000, 0x00000007b0000000)
  object space 75776K, 84% used [0x0000000790000000,0x0000000793ee0a58,0x0000000794a00000)
 Metaspace       used 58735K, capacity 60388K, committed 60760K, reserved 1103872K
  class space    used 6704K, capacity 7203K, committed 7256K, reserved 1048576K
Event: 7.691 GC heap after
Heap after GC invocations=65 (full 5):
 PSYoungGen      total 211456K, used 30194K [0x00000007b0000000, 0x00000007c0000000, 0x00000007c0000000)
  eden space 181248K, 0% used [0x00000007b0000000,0x00000007b0000000,0x00000007bb100000)
  from space 30208K, 99% used [0x00000007be280000,0x00000007bfffc8c0,0x00000007c0000000)
  to   space 40448K, 0% used [0x00000007bb100000,0x00000007bb100000,0x00000007bd880000)
 ParOldGen       total 75776K, used 70480K [0x0000000790000000, 0x0000000794a00000, 0x00000007b0000000)
  object space 75776K, 93% used [0x0000000790000000,0x00000007944d4168,0x0000000794a00000)
 Metaspace       used 58735K, capacity 60388K, committed 60760K, reserved 1103872K
  class space    used 6704K, capacity 7203K, committed 7256K, reserved 1048576K
}
Event: 7.692 GC heap before
{Heap before GC invocations=66 (full 6):
 PSYoungGen      total 211456K, used 30194K [0x00000007b0000000, 0x00000007c0000000, 0x00000007c0000000)
  eden space 181248K, 0% used [0x00000007b0000000,0x00000007b0000000,0x00000007bb100000)
  from space 30208K, 99% used [0x00000007be280000,0x00000007bfffc8c0,0x00000007c0000000)
  to   space 40448K, 0% used [0x00000007bb100000,0x00000007bb100000,0x00000007bd880000)
 ParOldGen       total 75776K, used 70480K [0x0000000790000000, 0x0000000794a00000, 0x00000007b0000000)
  object space 75776K, 93% used [0x0000000790000000,0x00000007944d4168,0x0000000794a00000)
 Metaspace       used 58735K, capacity 60388K, committed 60760K, reserved 1103872K
  class space    used 6704K, capacity 7203K, committed 7256K, reserved 1048576K
Event: 8.234 GC heap after
Heap after GC invocations=66 (full 6):
 PSYoungGen      total 211456K, used 24343K [0x00000007b0000000, 0x00000007c0000000, 0x00000007c0000000)
  eden space 181248K, 0% used [0x00000007b0000000,0x00000007b0000000,0x00000007bb100000)
  from space 30208K, 80% used [0x00000007be280000,0x00000007bfa45cc8,0x00000007c0000000)
  to   space 40448K, 0% used [0x00000007bb100000,0x00000007bb100000,0x00000007bd880000)
 ParOldGen       total 89600K, used 75553K [0x0000000790000000, 0x0000000795780000, 0x00000007b0000000)
  object space 89600K, 84% used [0x0000000790000000,0x00000007949c8440,0x0000000795780000)
 Metaspace       used 58735K, capacity 60388K, committed 60760K, reserved 1103872K
  class space    used 6704K, capacity 7203K, committed 7256K, reserved 1048576K
}

