# JRE version: Java(TM) SE Runtime Environment (8.0-b132) (build 1.8.0-b132)
# Java VM: Java HotSpot(TM) 64-Bit Server VM (25.0-b70 mixed mode bsd-amd64 compressed oops)
Heap:
 PSYoungGen      total 214016K, used 184605K [0x00000007b0000000, 0x00000007c0000000, 0x00000007c0000000)
  eden space 170496K, 91% used [0x00000007b0000000,0x00000007b97bcad0,0x00000007ba680000)
  from space 43520K, 67% used [0x00000007ba680000,0x00000007bc30abe8,0x00000007bd100000)
  to   space 45568K, 0% used [0x00000007bd380000,0x00000007bd380000,0x00000007c0000000)
 ParOldGen       total 75776K, used 64701K [0x0000000790000000, 0x0000000794a00000, 0x00000007b0000000)
  object space 75776K, 85% used [0x0000000790000000,0x0000000793f2f738,0x0000000794a00000)
 Metaspace       used 58239K, capacity 59872K, committed 60160K, reserved 1101824K
  class space    used 6613K, capacity 7115K, committed 7168K, reserved 1048576K
GC Heap History (10 events):
Event: 7.963 GC heap before
{Heap before GC invocations=66 (full 5):
 PSYoungGen      total 208384K, used 163600K [0x00000007b0000000, 0x00000007bfd80000, 0x00000007c0000000)
  eden space 159232K, 100% used [0x00000007b0000000,0x00000007b9b80000,0x00000007b9b80000)
  from space 49152K, 8% used [0x00000007bcd80000,0x00000007bd1c40e8,0x00000007bfd80000)
  to   space 50176K, 0% used [0x00000007b9b80000,0x00000007b9b80000,0x00000007bcc80000)
 ParOldGen       total 75776K, used 64149K [0x0000000790000000, 0x0000000794a00000, 0x00000007b0000000)
  object space 75776K, 84% used [0x0000000790000000,0x0000000793ea5738,0x0000000794a00000)
 Metaspace       used 53069K, capacity 54624K, committed 54912K, reserved 1097728K
  class space    used 5958K, capacity 6429K, committed 6528K, reserved 1048576K
Event: 7.967 GC heap after
Heap after GC invocations=66 (full 5):
 PSYoungGen      total 209408K, used 5656K [0x00000007b0000000, 0x00000007bfe00000, 0x00000007c0000000)
  eden space 159232K, 0% used [0x00000007b0000000,0x00000007b0000000,0x00000007b9b80000)
  from space 50176K, 11% used [0x00000007b9b80000,0x00000007ba1060e0,0x00000007bcc80000)
  to   space 48640K, 0% used [0x00000007bce80000,0x00000007bce80000,0x00000007bfe00000)
 ParOldGen       total 75776K, used 64157K [0x0000000790000000, 0x0000000794a00000, 0x00000007b0000000)
  object space 75776K, 84% used [0x0000000790000000,0x0000000793ea7738,0x0000000794a00000)
 Metaspace       used 53069K, capacity 54624K, committed 54912K, reserved 1097728K
  class space    used 5958K, capacity 6429K, committed 6528K, reserved 1048576K
}
Event: 8.215 GC heap before
{Heap before GC invocations=67 (full 5):
 PSYoungGen      total 209408K, used 164888K [0x00000007b0000000, 0x00000007bfe00000, 0x00000007c0000000)
  eden space 159232K, 100% used [0x00000007b0000000,0x00000007b9b80000,0x00000007b9b80000)
  from space 50176K, 11% used [0x00000007b9b80000,0x00000007ba1060e0,0x00000007bcc80000)
  to   space 48640K, 0% used [0x00000007bce80000,0x00000007bce80000,0x00000007bfe00000)
 ParOldGen       total 75776K, used 64157K [0x0000000790000000, 0x0000000794a00000, 0x00000007b0000000)
  object space 75776K, 84% used [0x0000000790000000,0x0000000793ea7738,0x0000000794a00000)
 Metaspace       used 53930K, capacity 55442K, committed 55808K, reserved 1097728K
  class space    used 6058K, capacity 6529K, committed 6656K, reserved 1048576K
Event: 8.221 GC heap after
Heap after GC invocations=67 (full 5):
 PSYoungGen      total 208384K, used 9453K [0x00000007b0000000, 0x00000007bfa80000, 0x00000007c0000000)
  eden space 163328K, 0% used [0x00000007b0000000,0x00000007b0000000,0x00000007b9f80000)
  from space 45056K, 20% used [0x00000007bce80000,0x00000007bd7bb518,0x00000007bfa80000)
  to   space 46592K, 0% used [0x00000007b9f80000,0x00000007b9f80000,0x00000007bcd00000)
 ParOldGen       total 75776K, used 64165K [0x0000000790000000, 0x0000000794a00000, 0x00000007b0000000)
  object space 75776K, 84% used [0x0000000790000000,0x0000000793ea9738,0x0000000794a00000)
 Metaspace       used 53930K, capacity 55442K, committed 55808K, reserved 1097728K
  class space    used 6058K, capacity 6529K, committed 6656K, reserved 1048576K
}
Event: 8.544 GC heap before
{Heap before GC invocations=68 (full 5):
 PSYoungGen      total 208384K, used 172781K [0x00000007b0000000, 0x00000007bfa80000, 0x00000007c0000000)
  eden space 163328K, 100% used [0x00000007b0000000,0x00000007b9f80000,0x00000007b9f80000)
  from space 45056K, 20% used [0x00000007bce80000,0x00000007bd7bb518,0x00000007bfa80000)
  to   space 46592K, 0% used [0x00000007b9f80000,0x00000007b9f80000,0x00000007bcd00000)
 ParOldGen       total 75776K, used 64165K [0x0000000790000000, 0x0000000794a00000, 0x00000007b0000000)
  object space 75776K, 84% used [0x0000000790000000,0x0000000793ea9738,0x0000000794a00000)
 Metaspace       used 54659K, capacity 56226K, committed 56576K, reserved 1099776K
  class space    used 6152K, capacity 6610K, committed 6656K, reserved 1048576K
Event: 8.552 GC heap after
Heap after GC invocations=68 (full 5):
 PSYoungGen      total 209920K, used 14392K [0x00000007b0000000, 0x00000007bfb80000, 0x00000007c0000000)
  eden space 163328K, 0% used [0x00000007b0000000,0x00000007b0000000,0x00000007b9f80000)
  from space 46592K, 30% used [0x00000007b9f80000,0x00000007bad8e0f8,0x00000007bcd00000)
  to   space 43520K, 0% used [0x00000007bd100000,0x00000007bd100000,0x00000007bfb80000)
 ParOldGen       total 75776K, used 64277K [0x0000000790000000, 0x0000000794a00000, 0x00000007b0000000)
  object space 75776K, 84% used [0x0000000790000000,0x0000000793ec5738,0x0000000794a00000)
 Metaspace       used 54659K, capacity 56226K, committed 56576K, reserved 1099776K
  class space    used 6152K, capacity 6610K, committed 6656K, reserved 1048576K
}
Event: 9.009 GC heap before
{Heap before GC invocations=69 (full 5):
 PSYoungGen      total 209920K, used 177720K [0x00000007b0000000, 0x00000007bfb80000, 0x00000007c0000000)
  eden space 163328K, 100% used [0x00000007b0000000,0x00000007b9f80000,0x00000007b9f80000)
  from space 46592K, 30% used [0x00000007b9f80000,0x00000007bad8e0f8,0x00000007bcd00000)
  to   space 43520K, 0% used [0x00000007bd100000,0x00000007bd100000,0x00000007bfb80000)
 ParOldGen       total 75776K, used 64277K [0x0000000790000000, 0x0000000794a00000, 0x00000007b0000000)
  object space 75776K, 84% used [0x0000000790000000,0x0000000793ec5738,0x0000000794a00000)
 Metaspace       used 55918K, capacity 57524K, committed 57728K, reserved 1099776K
  class space    used 6246K, capacity 6742K, committed 6784K, reserved 1048576K
Event: 9.021 GC heap after
Heap after GC invocations=69 (full 5):
 PSYoungGen      total 214016K, used 22390K [0x00000007b0000000, 0x00000007bfd00000, 0x00000007c0000000)
  eden space 170496K, 0% used [0x00000007b0000000,0x00000007b0000000,0x00000007ba680000)
  from space 43520K, 51% used [0x00000007bd100000,0x00000007be6dd830,0x00000007bfb80000)
  to   space 43520K, 0% used [0x00000007ba680000,0x00000007ba680000,0x00000007bd100000)
 ParOldGen       total 75776K, used 64541K [0x0000000790000000, 0x0000000794a00000, 0x00000007b0000000)
  object space 75776K, 85% used [0x0000000790000000,0x0000000793f07738,0x0000000794a00000)
 Metaspace       used 55918K, capacity 57524K, committed 57728K, reserved 1099776K
  class space    used 6246K, capacity 6742K, committed 6784K, reserved 1048576K
}
Event: 9.354 GC heap before
{Heap before GC invocations=70 (full 5):
 PSYoungGen      total 214016K, used 188009K [0x00000007b0000000, 0x00000007bfd00000, 0x00000007c0000000)
  eden space 170496K, 97% used [0x00000007b0000000,0x00000007ba1bcbf0,0x00000007ba680000)
  from space 43520K, 51% used [0x00000007bd100000,0x00000007be6dd830,0x00000007bfb80000)
  to   space 43520K, 0% used [0x00000007ba680000,0x00000007ba680000,0x00000007bd100000)
 ParOldGen       total 75776K, used 64541K [0x0000000790000000, 0x0000000794a00000, 0x00000007b0000000)
  object space 75776K, 85% used [0x0000000790000000,0x0000000793f07738,0x0000000794a00000)
 Metaspace       used 57534K, capacity 59104K, committed 59520K, reserved 1101824K
  class space    used 6484K, capacity 6968K, committed 7040K, reserved 1048576K
Event: 9.367 GC heap after
Heap after GC invocations=70 (full 5):
 PSYoungGen      total 214016K, used 29226K [0x00000007b0000000, 0x00000007c0000000, 0x00000007c0000000)
  eden space 170496K, 0% used [0x00000007b0000000,0x00000007b0000000,0x00000007ba680000)
  from space 43520K, 67% used [0x00000007ba680000,0x00000007bc30abe8,0x00000007bd100000)
  to   space 45568K, 0% used [0x00000007bd380000,0x00000007bd380000,0x00000007c0000000)
 ParOldGen       total 75776K, used 64701K [0x0000000790000000, 0x0000000794a00000, 0x00000007b0000000)
  object space 75776K, 85% used [0x0000000790000000,0x0000000793f2f738,0x0000000794a00000)
 Metaspace       used 57534K, capacity 59104K, committed 59520K, reserved 1101824K
  class space    used 6484K, capacity 6968K, committed 7040K, reserved 1048576K
}

